<?xml version="1.0" encoding="UTF-8"?>
<!-- Generated by org.testng.reporters.JUnitReportReporter -->
<testsuite hostname="LAPTOP-F48FP62B" failures="0" tests="1" name="com.qa.tests.LoginTest" time="0.005" errors="0" timestamp="2022-12-23T20:59:39 EST" skipped="0">
  <testcase classname="com.qa.tests.LoginTest" name="test1" time="0.005"/>
  <system-out/>
</testsuite> <!-- com.qa.tests.LoginTest -->
